<?xml version="1.0" encoding="UTF-8"?>
<testng-results ignored="0" total="1" passed="1" failed="0" skipped="0">
  <reporter-output>
  </reporter-output>
  <suite started-at="2024-02-15T10:32:26 IST" name="Default suite" finished-at="2024-02-15T10:32:39 IST" duration-ms="13335">
    <groups>
    </groups>
    <test started-at="2024-02-15T10:32:26 IST" name="Default test" finished-at="2024-02-15T10:32:39 IST" duration-ms="13335">
      <class name="testNG.AdactTestng">
        <test-method is-config="true" signature="browser()[pri:0, instance:testNG.AdactTestng@69e153c5]" started-at="2024-02-15T10:32:26 IST" name="browser" finished-at="2024-02-15T10:32:29 IST" duration-ms="2701" status="PASS">
          <reporter-output>
          </reporter-output>
        </test-method> <!-- browser -->
        <test-method is-config="true" signature="url()[pri:0, instance:testNG.AdactTestng@69e153c5]" started-at="2024-02-15T10:32:29 IST" name="url" finished-at="2024-02-15T10:32:31 IST" duration-ms="2373" status="PASS">
          <reporter-output>
          </reporter-output>
        </test-method> <!-- url -->
        <test-method is-config="true" signature="login()[pri:0, instance:testNG.AdactTestng@69e153c5]" started-at="2024-02-15T10:32:31 IST" name="login" finished-at="2024-02-15T10:32:32 IST" duration-ms="905" status="PASS">
          <reporter-output>
          </reporter-output>
        </test-method> <!-- login -->
        <test-method signature="searchHotel()[pri:0, instance:testNG.AdactTestng@69e153c5]" started-at="2024-02-15T10:32:32 IST" name="searchHotel" finished-at="2024-02-15T10:32:39 IST" duration-ms="6762" status="PASS">
          <reporter-output>
          </reporter-output>
        </test-method> <!-- searchHotel -->
        <test-method is-config="true" signature="Logout()[pri:0, instance:testNG.AdactTestng@69e153c5]" started-at="2024-02-15T10:32:39 IST" name="Logout" finished-at="2024-02-15T10:32:39 IST" duration-ms="489" status="PASS">
          <reporter-output>
          </reporter-output>
        </test-method> <!-- Logout -->
        <test-method is-config="true" signature="closeBrowser()[pri:0, instance:testNG.AdactTestng@69e153c5]" started-at="2024-02-15T10:32:39 IST" name="closeBrowser" finished-at="2024-02-15T10:32:40 IST" duration-ms="153" status="PASS">
          <reporter-output>
          </reporter-output>
        </test-method> <!-- closeBrowser -->
      </class> <!-- testNG.AdactTestng -->
    </test> <!-- Default test -->
  </suite> <!-- Default suite -->
</testng-results>
